-------------------------------------------------------------------------------
Test set: com.sauce.runners.CukesRunner
-------------------------------------------------------------------------------
Tests run: 1, Failures: 0, Errors: 1, Skipped: 0, Time elapsed: 0.002 s <<< FAILURE! - in com.sauce.runners.CukesRunner
initializationError(com.sauce.runners.CukesRunner)  Time elapsed: 0.002 s  <<< ERROR!
java.lang.AbstractMethodError: Receiver class io.cucumber.junit.JUnitCucumberOptionsProvider$JunitCucumberOptions does not define or inherit an implementation of the resolved method 'abstract java.lang.String[] tags()' of interface io.cucumber.core.options.CucumberOptionsAnnotationParser$CucumberOptions.

